[INFO  - 2017-03-07T13:29:34.197Z] GhostDriver - Main - running on port 40651
[INFO  - 2017-03-07T13:29:35.348Z] Session [1af638e0-033a-11e7-8f02-d95438de97de] - page.settings - {"XSSAuditingEnabled":false,"javascriptCanCloseWindows":true,"javascriptCanOpenWindows":true,"javascriptEnabled":true,"loadImages":true,"localToRemoteUrlAccessEnabled":false,"userAgent":"Mozilla/5.0 (Windows NT 6.2; WOW64) AppleWebKit/538.1 (KHTML, like Gecko) PhantomJS/2.1.1 Safari/538.1","webSecurityEnabled":false}
[INFO  - 2017-03-07T13:29:35.348Z] Session [1af638e0-033a-11e7-8f02-d95438de97de] - page.customHeaders:  - {}
[INFO  - 2017-03-07T13:29:35.349Z] Session [1af638e0-033a-11e7-8f02-d95438de97de] - Session.negotiatedCapabilities - {"browserName":"phantomjs","version":"2.1.1","driverName":"ghostdriver","driverVersion":"1.2.0","platform":"windows-10-32bit","javascriptEnabled":true,"takesScreenshot":true,"handlesAlerts":false,"databaseEnabled":false,"locationContextEnabled":false,"applicationCacheEnabled":false,"browserConnectionEnabled":false,"cssSelectorsEnabled":true,"webStorageEnabled":false,"rotatable":false,"acceptSslCerts":false,"nativeEvents":true,"proxy":{"proxyType":"direct"}}
[INFO  - 2017-03-07T13:29:35.349Z] SessionManagerReqHand - _postNewSessionCommand - New Session Created: 1af638e0-033a-11e7-8f02-d95438de97de
[ERROR - 2017-03-07T13:29:36.448Z] WebElementLocator - _handleLocateCommand - Element(s) NOT Found: GAVE UP. Search Stop Time: 1488893376387
[INFO  - 2017-03-07T13:29:36.718Z] ShutdownReqHand - _handle - About to shutdown
[INFO  - 2017-03-07T13:34:10.450Z] GhostDriver - Main - running on port 39777
[INFO  - 2017-03-07T13:34:11.481Z] Session [bf8cc630-033a-11e7-989e-1b435f980433] - page.settings - {"XSSAuditingEnabled":false,"javascriptCanCloseWindows":true,"javascriptCanOpenWindows":true,"javascriptEnabled":true,"loadImages":true,"localToRemoteUrlAccessEnabled":false,"userAgent":"Mozilla/5.0 (Windows NT 6.2; WOW64) AppleWebKit/538.1 (KHTML, like Gecko) PhantomJS/2.1.1 Safari/538.1","webSecurityEnabled":false}
[INFO  - 2017-03-07T13:34:11.481Z] Session [bf8cc630-033a-11e7-989e-1b435f980433] - page.customHeaders:  - {}
[INFO  - 2017-03-07T13:34:11.482Z] Session [bf8cc630-033a-11e7-989e-1b435f980433] - Session.negotiatedCapabilities - {"browserName":"phantomjs","version":"2.1.1","driverName":"ghostdriver","driverVersion":"1.2.0","platform":"windows-10-32bit","javascriptEnabled":true,"takesScreenshot":true,"handlesAlerts":false,"databaseEnabled":false,"locationContextEnabled":false,"applicationCacheEnabled":false,"browserConnectionEnabled":false,"cssSelectorsEnabled":true,"webStorageEnabled":false,"rotatable":false,"acceptSslCerts":false,"nativeEvents":true,"proxy":{"proxyType":"direct"}}
[INFO  - 2017-03-07T13:34:11.482Z] SessionManagerReqHand - _postNewSessionCommand - New Session Created: bf8cc630-033a-11e7-989e-1b435f980433
[ERROR - 2017-03-07T13:35:12.606Z] WebElementLocator - _handleLocateCommand - Element(s) NOT Found: GAVE UP. Search Stop Time: 1488893712602
[INFO  - 2017-03-07T13:35:12.781Z] ShutdownReqHand - _handle - About to shutdown
[INFO  - 2017-03-07T13:36:02.974Z] GhostDriver - Main - running on port 55508
[INFO  - 2017-03-07T13:36:03.591Z] Session [025f8e20-033b-11e7-9488-2daa4196f413] - page.settings - {"XSSAuditingEnabled":false,"javascriptCanCloseWindows":true,"javascriptCanOpenWindows":true,"javascriptEnabled":true,"loadImages":true,"localToRemoteUrlAccessEnabled":false,"userAgent":"Mozilla/5.0 (Windows NT 6.2; WOW64) AppleWebKit/538.1 (KHTML, like Gecko) PhantomJS/2.1.1 Safari/538.1","webSecurityEnabled":false}
[INFO  - 2017-03-07T13:36:03.591Z] Session [025f8e20-033b-11e7-9488-2daa4196f413] - page.customHeaders:  - {}
[INFO  - 2017-03-07T13:36:03.591Z] Session [025f8e20-033b-11e7-9488-2daa4196f413] - Session.negotiatedCapabilities - {"browserName":"phantomjs","version":"2.1.1","driverName":"ghostdriver","driverVersion":"1.2.0","platform":"windows-10-32bit","javascriptEnabled":true,"takesScreenshot":true,"handlesAlerts":false,"databaseEnabled":false,"locationContextEnabled":false,"applicationCacheEnabled":false,"browserConnectionEnabled":false,"cssSelectorsEnabled":true,"webStorageEnabled":false,"rotatable":false,"acceptSslCerts":false,"nativeEvents":true,"proxy":{"proxyType":"direct"}}
[INFO  - 2017-03-07T13:36:03.592Z] SessionManagerReqHand - _postNewSessionCommand - New Session Created: 025f8e20-033b-11e7-9488-2daa4196f413
[ERROR - 2017-03-07T13:36:32.367Z] WebElementLocator - _handleLocateCommand - Element(s) NOT Found: GAVE UP. Search Stop Time: 1488893792305
[INFO  - 2017-03-07T13:36:32.438Z] ShutdownReqHand - _handle - About to shutdown
[INFO  - 2017-03-07T13:38:49.695Z] GhostDriver - Main - running on port 36584
[INFO  - 2017-03-07T13:38:50.390Z] Session [65cae900-033b-11e7-a5f4-19b5c3a8a96c] - page.settings - {"XSSAuditingEnabled":false,"javascriptCanCloseWindows":true,"javascriptCanOpenWindows":true,"javascriptEnabled":true,"loadImages":true,"localToRemoteUrlAccessEnabled":false,"userAgent":"Mozilla/5.0 (Windows NT 6.2; WOW64) AppleWebKit/538.1 (KHTML, like Gecko) PhantomJS/2.1.1 Safari/538.1","webSecurityEnabled":false}
[INFO  - 2017-03-07T13:38:50.390Z] Session [65cae900-033b-11e7-a5f4-19b5c3a8a96c] - page.customHeaders:  - {}
[INFO  - 2017-03-07T13:38:50.390Z] Session [65cae900-033b-11e7-a5f4-19b5c3a8a96c] - Session.negotiatedCapabilities - {"browserName":"phantomjs","version":"2.1.1","driverName":"ghostdriver","driverVersion":"1.2.0","platform":"windows-10-32bit","javascriptEnabled":true,"takesScreenshot":true,"handlesAlerts":false,"databaseEnabled":false,"locationContextEnabled":false,"applicationCacheEnabled":false,"browserConnectionEnabled":false,"cssSelectorsEnabled":true,"webStorageEnabled":false,"rotatable":false,"acceptSslCerts":false,"nativeEvents":true,"proxy":{"proxyType":"direct"}}
[INFO  - 2017-03-07T13:38:50.390Z] SessionManagerReqHand - _postNewSessionCommand - New Session Created: 65cae900-033b-11e7-a5f4-19b5c3a8a96c
[INFO  - 2017-03-07T13:38:58.516Z] ShutdownReqHand - _handle - About to shutdown
[INFO  - 2017-03-07T13:41:46.748Z] GhostDriver - Main - running on port 28560
[INFO  - 2017-03-07T13:41:47.154Z] Session [cf271bd0-033b-11e7-b25f-5374625188a0] - page.settings - {"XSSAuditingEnabled":false,"javascriptCanCloseWindows":true,"javascriptCanOpenWindows":true,"javascriptEnabled":true,"loadImages":true,"localToRemoteUrlAccessEnabled":false,"userAgent":"Mozilla/5.0 (Windows NT 6.2; WOW64) AppleWebKit/538.1 (KHTML, like Gecko) PhantomJS/2.1.1 Safari/538.1","webSecurityEnabled":false}
[INFO  - 2017-03-07T13:41:47.155Z] Session [cf271bd0-033b-11e7-b25f-5374625188a0] - page.customHeaders:  - {}
[INFO  - 2017-03-07T13:41:47.155Z] Session [cf271bd0-033b-11e7-b25f-5374625188a0] - Session.negotiatedCapabilities - {"browserName":"phantomjs","version":"2.1.1","driverName":"ghostdriver","driverVersion":"1.2.0","platform":"windows-10-32bit","javascriptEnabled":true,"takesScreenshot":true,"handlesAlerts":false,"databaseEnabled":false,"locationContextEnabled":false,"applicationCacheEnabled":false,"browserConnectionEnabled":false,"cssSelectorsEnabled":true,"webStorageEnabled":false,"rotatable":false,"acceptSslCerts":false,"nativeEvents":true,"proxy":{"proxyType":"direct"}}
[INFO  - 2017-03-07T13:41:47.155Z] SessionManagerReqHand - _postNewSessionCommand - New Session Created: cf271bd0-033b-11e7-b25f-5374625188a0
[ERROR - 2017-03-07T13:41:47.811Z] WebElementLocator - _handleLocateCommand - Element(s) NOT Found: GAVE UP. Search Stop Time: 1488894107741
[INFO  - 2017-03-07T13:41:47.955Z] ShutdownReqHand - _handle - About to shutdown
[INFO  - 2017-03-07T13:47:55.395Z] GhostDriver - Main - running on port 56680
[INFO  - 2017-03-07T13:47:56.039Z] Session [ab065710-033c-11e7-abb9-815a8cbb7cb4] - page.settings - {"XSSAuditingEnabled":false,"javascriptCanCloseWindows":true,"javascriptCanOpenWindows":true,"javascriptEnabled":true,"loadImages":true,"localToRemoteUrlAccessEnabled":false,"userAgent":"Mozilla/5.0 (Windows NT 6.2; WOW64) AppleWebKit/538.1 (KHTML, like Gecko) PhantomJS/2.1.1 Safari/538.1","webSecurityEnabled":false}
[INFO  - 2017-03-07T13:47:56.039Z] Session [ab065710-033c-11e7-abb9-815a8cbb7cb4] - page.customHeaders:  - {}
[INFO  - 2017-03-07T13:47:56.039Z] Session [ab065710-033c-11e7-abb9-815a8cbb7cb4] - Session.negotiatedCapabilities - {"browserName":"phantomjs","version":"2.1.1","driverName":"ghostdriver","driverVersion":"1.2.0","platform":"windows-10-32bit","javascriptEnabled":true,"takesScreenshot":true,"handlesAlerts":false,"databaseEnabled":false,"locationContextEnabled":false,"applicationCacheEnabled":false,"browserConnectionEnabled":false,"cssSelectorsEnabled":true,"webStorageEnabled":false,"rotatable":false,"acceptSslCerts":false,"nativeEvents":true,"proxy":{"proxyType":"direct"}}
[INFO  - 2017-03-07T13:47:56.039Z] SessionManagerReqHand - _postNewSessionCommand - New Session Created: ab065710-033c-11e7-abb9-815a8cbb7cb4
[ERROR - 2017-03-07T13:48:10.244Z] WebElementLocator - _handleLocateCommand - Element(s) NOT Found: GAVE UP. Search Stop Time: 1488894490241
[INFO  - 2017-03-07T13:48:10.330Z] ShutdownReqHand - _handle - About to shutdown
[INFO  - 2017-03-07T13:49:19.860Z] GhostDriver - Main - running on port 58508
[INFO  - 2017-03-07T13:49:20.550Z] Session [dd65d910-033c-11e7-b03f-a3d7392ca003] - page.settings - {"XSSAuditingEnabled":false,"javascriptCanCloseWindows":true,"javascriptCanOpenWindows":true,"javascriptEnabled":true,"loadImages":true,"localToRemoteUrlAccessEnabled":false,"userAgent":"Mozilla/5.0 (Windows NT 6.2; WOW64) AppleWebKit/538.1 (KHTML, like Gecko) PhantomJS/2.1.1 Safari/538.1","webSecurityEnabled":false}
[INFO  - 2017-03-07T13:49:20.550Z] Session [dd65d910-033c-11e7-b03f-a3d7392ca003] - page.customHeaders:  - {}
[INFO  - 2017-03-07T13:49:20.550Z] Session [dd65d910-033c-11e7-b03f-a3d7392ca003] - Session.negotiatedCapabilities - {"browserName":"phantomjs","version":"2.1.1","driverName":"ghostdriver","driverVersion":"1.2.0","platform":"windows-10-32bit","javascriptEnabled":true,"takesScreenshot":true,"handlesAlerts":false,"databaseEnabled":false,"locationContextEnabled":false,"applicationCacheEnabled":false,"browserConnectionEnabled":false,"cssSelectorsEnabled":true,"webStorageEnabled":false,"rotatable":false,"acceptSslCerts":false,"nativeEvents":true,"proxy":{"proxyType":"direct"}}
[INFO  - 2017-03-07T13:49:20.550Z] SessionManagerReqHand - _postNewSessionCommand - New Session Created: dd65d910-033c-11e7-b03f-a3d7392ca003
[ERROR - 2017-03-07T13:49:34.694Z] WebElementLocator - _handleLocateCommand - Element(s) NOT Found: GAVE UP. Search Stop Time: 1488894574687
[INFO  - 2017-03-07T13:49:34.776Z] ShutdownReqHand - _handle - About to shutdown
[INFO  - 2017-03-07T13:52:27.962Z] GhostDriver - Main - running on port 63360
[INFO  - 2017-03-07T13:52:28.209Z] Session [4d4056c0-033d-11e7-89f9-57e2b4aebd14] - page.settings - {"XSSAuditingEnabled":false,"javascriptCanCloseWindows":true,"javascriptCanOpenWindows":true,"javascriptEnabled":true,"loadImages":true,"localToRemoteUrlAccessEnabled":false,"userAgent":"Mozilla/5.0 (Windows NT 6.2; WOW64) AppleWebKit/538.1 (KHTML, like Gecko) PhantomJS/2.1.1 Safari/538.1","webSecurityEnabled":false}
[INFO  - 2017-03-07T13:52:28.210Z] Session [4d4056c0-033d-11e7-89f9-57e2b4aebd14] - page.customHeaders:  - {}
[INFO  - 2017-03-07T13:52:28.210Z] Session [4d4056c0-033d-11e7-89f9-57e2b4aebd14] - Session.negotiatedCapabilities - {"browserName":"phantomjs","version":"2.1.1","driverName":"ghostdriver","driverVersion":"1.2.0","platform":"windows-10-32bit","javascriptEnabled":true,"takesScreenshot":true,"handlesAlerts":false,"databaseEnabled":false,"locationContextEnabled":false,"applicationCacheEnabled":false,"browserConnectionEnabled":false,"cssSelectorsEnabled":true,"webStorageEnabled":false,"rotatable":false,"acceptSslCerts":false,"nativeEvents":true,"proxy":{"proxyType":"direct"}}
[INFO  - 2017-03-07T13:52:28.210Z] SessionManagerReqHand - _postNewSessionCommand - New Session Created: 4d4056c0-033d-11e7-89f9-57e2b4aebd14
[ERROR - 2017-03-07T13:53:18.542Z] WebElementLocator - _handleLocateCommand - Element(s) NOT Found: GAVE UP. Search Stop Time: 1488894798533
[INFO  - 2017-03-07T13:53:18.633Z] ShutdownReqHand - _handle - About to shutdown
[INFO  - 2017-03-07T13:55:31.506Z] GhostDriver - Main - running on port 64519
[INFO  - 2017-03-07T13:55:32.234Z] Session [baf02c40-033d-11e7-be4f-79a0a84b94d1] - page.settings - {"XSSAuditingEnabled":false,"javascriptCanCloseWindows":true,"javascriptCanOpenWindows":true,"javascriptEnabled":true,"loadImages":true,"localToRemoteUrlAccessEnabled":false,"userAgent":"Mozilla/5.0 (Windows NT 6.2; WOW64) AppleWebKit/538.1 (KHTML, like Gecko) PhantomJS/2.1.1 Safari/538.1","webSecurityEnabled":false}
[INFO  - 2017-03-07T13:55:32.234Z] Session [baf02c40-033d-11e7-be4f-79a0a84b94d1] - page.customHeaders:  - {}
[INFO  - 2017-03-07T13:55:32.234Z] Session [baf02c40-033d-11e7-be4f-79a0a84b94d1] - Session.negotiatedCapabilities - {"browserName":"phantomjs","version":"2.1.1","driverName":"ghostdriver","driverVersion":"1.2.0","platform":"windows-10-32bit","javascriptEnabled":true,"takesScreenshot":true,"handlesAlerts":false,"databaseEnabled":false,"locationContextEnabled":false,"applicationCacheEnabled":false,"browserConnectionEnabled":false,"cssSelectorsEnabled":true,"webStorageEnabled":false,"rotatable":false,"acceptSslCerts":false,"nativeEvents":true,"proxy":{"proxyType":"direct"}}
[INFO  - 2017-03-07T13:55:32.235Z] SessionManagerReqHand - _postNewSessionCommand - New Session Created: baf02c40-033d-11e7-be4f-79a0a84b94d1
[ERROR - 2017-03-07T13:55:45.836Z] WebElementLocator - _handleLocateCommand - Element(s) NOT Found: GAVE UP. Search Stop Time: 1488894945769
[INFO  - 2017-03-07T13:55:45.919Z] ShutdownReqHand - _handle - About to shutdown
[INFO  - 2017-03-07T13:58:10.857Z] GhostDriver - Main - running on port 6862
[INFO  - 2017-03-07T13:58:11.576Z] Session [19e9fc30-033e-11e7-a9da-73117f85f015] - page.settings - {"XSSAuditingEnabled":false,"javascriptCanCloseWindows":true,"javascriptCanOpenWindows":true,"javascriptEnabled":true,"loadImages":true,"localToRemoteUrlAccessEnabled":false,"userAgent":"Mozilla/5.0 (Windows NT 6.2; WOW64) AppleWebKit/538.1 (KHTML, like Gecko) PhantomJS/2.1.1 Safari/538.1","webSecurityEnabled":false}
[INFO  - 2017-03-07T13:58:11.577Z] Session [19e9fc30-033e-11e7-a9da-73117f85f015] - page.customHeaders:  - {}
[INFO  - 2017-03-07T13:58:11.577Z] Session [19e9fc30-033e-11e7-a9da-73117f85f015] - Session.negotiatedCapabilities - {"browserName":"phantomjs","version":"2.1.1","driverName":"ghostdriver","driverVersion":"1.2.0","platform":"windows-10-32bit","javascriptEnabled":true,"takesScreenshot":true,"handlesAlerts":false,"databaseEnabled":false,"locationContextEnabled":false,"applicationCacheEnabled":false,"browserConnectionEnabled":false,"cssSelectorsEnabled":true,"webStorageEnabled":false,"rotatable":false,"acceptSslCerts":false,"nativeEvents":true,"proxy":{"proxyType":"direct"}}
[INFO  - 2017-03-07T13:58:11.577Z] SessionManagerReqHand - _postNewSessionCommand - New Session Created: 19e9fc30-033e-11e7-a9da-73117f85f015
[ERROR - 2017-03-07T13:58:28.626Z] WebElementLocator - _handleLocateCommand - Element(s) NOT Found: GAVE UP. Search Stop Time: 1488895108568
[INFO  - 2017-03-07T13:58:28.697Z] ShutdownReqHand - _handle - About to shutdown
[INFO  - 2017-03-07T14:00:31.381Z] GhostDriver - Main - running on port 60738
[INFO  - 2017-03-07T14:00:31.863Z] Session [6d87c700-033e-11e7-9a0a-7df1f2c87bbb] - page.settings - {"XSSAuditingEnabled":false,"javascriptCanCloseWindows":true,"javascriptCanOpenWindows":true,"javascriptEnabled":true,"loadImages":true,"localToRemoteUrlAccessEnabled":false,"userAgent":"Mozilla/5.0 (Windows NT 6.2; WOW64) AppleWebKit/538.1 (KHTML, like Gecko) PhantomJS/2.1.1 Safari/538.1","webSecurityEnabled":false}
[INFO  - 2017-03-07T14:00:31.863Z] Session [6d87c700-033e-11e7-9a0a-7df1f2c87bbb] - page.customHeaders:  - {}
[INFO  - 2017-03-07T14:00:31.863Z] Session [6d87c700-033e-11e7-9a0a-7df1f2c87bbb] - Session.negotiatedCapabilities - {"browserName":"phantomjs","version":"2.1.1","driverName":"ghostdriver","driverVersion":"1.2.0","platform":"windows-10-32bit","javascriptEnabled":true,"takesScreenshot":true,"handlesAlerts":false,"databaseEnabled":false,"locationContextEnabled":false,"applicationCacheEnabled":false,"browserConnectionEnabled":false,"cssSelectorsEnabled":true,"webStorageEnabled":false,"rotatable":false,"acceptSslCerts":false,"nativeEvents":true,"proxy":{"proxyType":"direct"}}
[INFO  - 2017-03-07T14:00:31.863Z] SessionManagerReqHand - _postNewSessionCommand - New Session Created: 6d87c700-033e-11e7-9a0a-7df1f2c87bbb
[ERROR - 2017-03-07T14:01:14.705Z] WebElementLocator - _handleLocateCommand - Element(s) NOT Found: GAVE UP. Search Stop Time: 1488895274675
[INFO  - 2017-03-07T14:01:14.790Z] ShutdownReqHand - _handle - About to shutdown
[INFO  - 2017-03-07T14:15:44.415Z] GhostDriver - Main - running on port 56756
[INFO  - 2017-03-07T14:15:44.698Z] Session [8d9fa650-0340-11e7-8486-31b84218dd79] - page.settings - {"XSSAuditingEnabled":false,"javascriptCanCloseWindows":true,"javascriptCanOpenWindows":true,"javascriptEnabled":true,"loadImages":true,"localToRemoteUrlAccessEnabled":false,"userAgent":"Mozilla/5.0 (Windows NT 6.2; WOW64) AppleWebKit/538.1 (KHTML, like Gecko) PhantomJS/2.1.1 Safari/538.1","webSecurityEnabled":false}
[INFO  - 2017-03-07T14:15:44.699Z] Session [8d9fa650-0340-11e7-8486-31b84218dd79] - page.customHeaders:  - {}
[INFO  - 2017-03-07T14:15:44.699Z] Session [8d9fa650-0340-11e7-8486-31b84218dd79] - Session.negotiatedCapabilities - {"browserName":"phantomjs","version":"2.1.1","driverName":"ghostdriver","driverVersion":"1.2.0","platform":"windows-10-32bit","javascriptEnabled":true,"takesScreenshot":true,"handlesAlerts":false,"databaseEnabled":false,"locationContextEnabled":false,"applicationCacheEnabled":false,"browserConnectionEnabled":false,"cssSelectorsEnabled":true,"webStorageEnabled":false,"rotatable":false,"acceptSslCerts":false,"nativeEvents":true,"proxy":{"proxyType":"direct"}}
[INFO  - 2017-03-07T14:15:44.699Z] SessionManagerReqHand - _postNewSessionCommand - New Session Created: 8d9fa650-0340-11e7-8486-31b84218dd79
[ERROR - 2017-03-07T14:16:15.155Z] WebElementLocator - _handleLocateCommand - Element(s) NOT Found: GAVE UP. Search Stop Time: 1488896175148
[INFO  - 2017-03-07T14:16:15.245Z] ShutdownReqHand - _handle - About to shutdown
[INFO  - 2017-03-07T14:21:21.294Z] GhostDriver - Main - running on port 26873
[INFO  - 2017-03-07T14:21:21.724Z] Session [5681bc70-0341-11e7-b770-2dce4b851708] - page.settings - {"XSSAuditingEnabled":false,"javascriptCanCloseWindows":true,"javascriptCanOpenWindows":true,"javascriptEnabled":true,"loadImages":true,"localToRemoteUrlAccessEnabled":false,"userAgent":"Mozilla/5.0 (Windows NT 6.2; WOW64) AppleWebKit/538.1 (KHTML, like Gecko) PhantomJS/2.1.1 Safari/538.1","webSecurityEnabled":false}
[INFO  - 2017-03-07T14:21:21.724Z] Session [5681bc70-0341-11e7-b770-2dce4b851708] - page.customHeaders:  - {}
[INFO  - 2017-03-07T14:21:21.724Z] Session [5681bc70-0341-11e7-b770-2dce4b851708] - Session.negotiatedCapabilities - {"browserName":"phantomjs","version":"2.1.1","driverName":"ghostdriver","driverVersion":"1.2.0","platform":"windows-10-32bit","javascriptEnabled":true,"takesScreenshot":true,"handlesAlerts":false,"databaseEnabled":false,"locationContextEnabled":false,"applicationCacheEnabled":false,"browserConnectionEnabled":false,"cssSelectorsEnabled":true,"webStorageEnabled":false,"rotatable":false,"acceptSslCerts":false,"nativeEvents":true,"proxy":{"proxyType":"direct"}}
[INFO  - 2017-03-07T14:21:21.725Z] SessionManagerReqHand - _postNewSessionCommand - New Session Created: 5681bc70-0341-11e7-b770-2dce4b851708
[INFO  - 2017-03-07T14:21:22.266Z] ShutdownReqHand - _handle - About to shutdown
[INFO  - 2017-03-07T14:22:12.058Z] GhostDriver - Main - running on port 6673
[INFO  - 2017-03-07T14:22:12.786Z] Session [74f12dd0-0341-11e7-9c70-49f2da056981] - page.settings - {"XSSAuditingEnabled":false,"javascriptCanCloseWindows":true,"javascriptCanOpenWindows":true,"javascriptEnabled":true,"loadImages":true,"localToRemoteUrlAccessEnabled":false,"userAgent":"Mozilla/5.0 (Windows NT 6.2; WOW64) AppleWebKit/538.1 (KHTML, like Gecko) PhantomJS/2.1.1 Safari/538.1","webSecurityEnabled":false}
[INFO  - 2017-03-07T14:22:12.787Z] Session [74f12dd0-0341-11e7-9c70-49f2da056981] - page.customHeaders:  - {}
[INFO  - 2017-03-07T14:22:12.787Z] Session [74f12dd0-0341-11e7-9c70-49f2da056981] - Session.negotiatedCapabilities - {"browserName":"phantomjs","version":"2.1.1","driverName":"ghostdriver","driverVersion":"1.2.0","platform":"windows-10-32bit","javascriptEnabled":true,"takesScreenshot":true,"handlesAlerts":false,"databaseEnabled":false,"locationContextEnabled":false,"applicationCacheEnabled":false,"browserConnectionEnabled":false,"cssSelectorsEnabled":true,"webStorageEnabled":false,"rotatable":false,"acceptSslCerts":false,"nativeEvents":true,"proxy":{"proxyType":"direct"}}
[INFO  - 2017-03-07T14:22:12.787Z] SessionManagerReqHand - _postNewSessionCommand - New Session Created: 74f12dd0-0341-11e7-9c70-49f2da056981
[ERROR - 2017-03-07T14:23:42.084Z] WebElementLocator - _handleLocateCommand - Element(s) NOT Found: GAVE UP. Search Stop Time: 1488896622044
[INFO  - 2017-03-07T14:23:42.184Z] ShutdownReqHand - _handle - About to shutdown
[INFO  - 2017-03-07T14:32:09.284Z] GhostDriver - Main - running on port 8223
[INFO  - 2017-03-07T14:32:09.523Z] Session [d8a004e0-0342-11e7-bd26-7d415eb04abf] - page.settings - {"XSSAuditingEnabled":false,"javascriptCanCloseWindows":true,"javascriptCanOpenWindows":true,"javascriptEnabled":true,"loadImages":true,"localToRemoteUrlAccessEnabled":false,"userAgent":"Mozilla/5.0 (Windows NT 6.2; WOW64) AppleWebKit/538.1 (KHTML, like Gecko) PhantomJS/2.1.1 Safari/538.1","webSecurityEnabled":false}
[INFO  - 2017-03-07T14:32:09.523Z] Session [d8a004e0-0342-11e7-bd26-7d415eb04abf] - page.customHeaders:  - {}
[INFO  - 2017-03-07T14:32:09.523Z] Session [d8a004e0-0342-11e7-bd26-7d415eb04abf] - Session.negotiatedCapabilities - {"browserName":"phantomjs","version":"2.1.1","driverName":"ghostdriver","driverVersion":"1.2.0","platform":"windows-10-32bit","javascriptEnabled":true,"takesScreenshot":true,"handlesAlerts":false,"databaseEnabled":false,"locationContextEnabled":false,"applicationCacheEnabled":false,"browserConnectionEnabled":false,"cssSelectorsEnabled":true,"webStorageEnabled":false,"rotatable":false,"acceptSslCerts":false,"nativeEvents":true,"proxy":{"proxyType":"direct"}}
[INFO  - 2017-03-07T14:32:09.524Z] SessionManagerReqHand - _postNewSessionCommand - New Session Created: d8a004e0-0342-11e7-bd26-7d415eb04abf
[ERROR - 2017-03-07T14:33:03.524Z] WebElementLocator - _handleLocateCommand - Element(s) NOT Found: GAVE UP. Search Stop Time: 1488897183459
[INFO  - 2017-03-07T14:33:03.784Z] ShutdownReqHand - _handle - About to shutdown
[INFO  - 2017-03-07T14:35:55.057Z] GhostDriver - Main - running on port 39285
[INFO  - 2017-03-07T14:35:55.822Z] Session [5f825a80-0343-11e7-b4f6-a779eff8046b] - page.settings - {"XSSAuditingEnabled":false,"javascriptCanCloseWindows":true,"javascriptCanOpenWindows":true,"javascriptEnabled":true,"loadImages":true,"localToRemoteUrlAccessEnabled":false,"userAgent":"Mozilla/5.0 (Windows NT 6.2; WOW64) AppleWebKit/538.1 (KHTML, like Gecko) PhantomJS/2.1.1 Safari/538.1","webSecurityEnabled":false}
[INFO  - 2017-03-07T14:35:55.823Z] Session [5f825a80-0343-11e7-b4f6-a779eff8046b] - page.customHeaders:  - {}
[INFO  - 2017-03-07T14:35:55.823Z] Session [5f825a80-0343-11e7-b4f6-a779eff8046b] - Session.negotiatedCapabilities - {"browserName":"phantomjs","version":"2.1.1","driverName":"ghostdriver","driverVersion":"1.2.0","platform":"windows-10-32bit","javascriptEnabled":true,"takesScreenshot":true,"handlesAlerts":false,"databaseEnabled":false,"locationContextEnabled":false,"applicationCacheEnabled":false,"browserConnectionEnabled":false,"cssSelectorsEnabled":true,"webStorageEnabled":false,"rotatable":false,"acceptSslCerts":false,"nativeEvents":true,"proxy":{"proxyType":"direct"}}
[INFO  - 2017-03-07T14:35:55.823Z] SessionManagerReqHand - _postNewSessionCommand - New Session Created: 5f825a80-0343-11e7-b4f6-a779eff8046b
[ERROR - 2017-03-07T14:36:41.315Z] WebElementLocator - _handleLocateCommand - Element(s) NOT Found: GAVE UP. Search Stop Time: 1488897401276
[INFO  - 2017-03-07T14:36:41.398Z] ShutdownReqHand - _handle - About to shutdown
[INFO  - 2017-03-07T14:38:02.920Z] GhostDriver - Main - running on port 15502
[INFO  - 2017-03-07T14:38:03.554Z] Session [aba4dcd0-0343-11e7-b427-d162c7e8916e] - page.settings - {"XSSAuditingEnabled":false,"javascriptCanCloseWindows":true,"javascriptCanOpenWindows":true,"javascriptEnabled":true,"loadImages":true,"localToRemoteUrlAccessEnabled":false,"userAgent":"Mozilla/5.0 (Windows NT 6.2; WOW64) AppleWebKit/538.1 (KHTML, like Gecko) PhantomJS/2.1.1 Safari/538.1","webSecurityEnabled":false}
[INFO  - 2017-03-07T14:38:03.554Z] Session [aba4dcd0-0343-11e7-b427-d162c7e8916e] - page.customHeaders:  - {}
[INFO  - 2017-03-07T14:38:03.555Z] Session [aba4dcd0-0343-11e7-b427-d162c7e8916e] - Session.negotiatedCapabilities - {"browserName":"phantomjs","version":"2.1.1","driverName":"ghostdriver","driverVersion":"1.2.0","platform":"windows-10-32bit","javascriptEnabled":true,"takesScreenshot":true,"handlesAlerts":false,"databaseEnabled":false,"locationContextEnabled":false,"applicationCacheEnabled":false,"browserConnectionEnabled":false,"cssSelectorsEnabled":true,"webStorageEnabled":false,"rotatable":false,"acceptSslCerts":false,"nativeEvents":true,"proxy":{"proxyType":"direct"}}
[INFO  - 2017-03-07T14:38:03.555Z] SessionManagerReqHand - _postNewSessionCommand - New Session Created: aba4dcd0-0343-11e7-b427-d162c7e8916e
[ERROR - 2017-03-07T14:38:51.939Z] WebElementLocator - _handleLocateCommand - Element(s) NOT Found: GAVE UP. Search Stop Time: 1488897531924
[INFO  - 2017-03-07T14:38:52.021Z] ShutdownReqHand - _handle - About to shutdown
[INFO  - 2017-03-07T18:43:06.987Z] GhostDriver - Main - running on port 15435
[INFO  - 2017-03-07T18:43:07.989Z] Session [e82b46e0-0365-11e7-93cc-232f8bcb8adf] - page.settings - {"XSSAuditingEnabled":false,"javascriptCanCloseWindows":true,"javascriptCanOpenWindows":true,"javascriptEnabled":true,"loadImages":true,"localToRemoteUrlAccessEnabled":false,"userAgent":"Mozilla/5.0 (Windows NT 6.2; WOW64) AppleWebKit/538.1 (KHTML, like Gecko) PhantomJS/2.1.1 Safari/538.1","webSecurityEnabled":false}
[INFO  - 2017-03-07T18:43:07.990Z] Session [e82b46e0-0365-11e7-93cc-232f8bcb8adf] - page.customHeaders:  - {}
[INFO  - 2017-03-07T18:43:07.990Z] Session [e82b46e0-0365-11e7-93cc-232f8bcb8adf] - Session.negotiatedCapabilities - {"browserName":"phantomjs","version":"2.1.1","driverName":"ghostdriver","driverVersion":"1.2.0","platform":"windows-10-32bit","javascriptEnabled":true,"takesScreenshot":true,"handlesAlerts":false,"databaseEnabled":false,"locationContextEnabled":false,"applicationCacheEnabled":false,"browserConnectionEnabled":false,"cssSelectorsEnabled":true,"webStorageEnabled":false,"rotatable":false,"acceptSslCerts":false,"nativeEvents":true,"proxy":{"proxyType":"direct"}}
[INFO  - 2017-03-07T18:43:07.990Z] SessionManagerReqHand - _postNewSessionCommand - New Session Created: e82b46e0-0365-11e7-93cc-232f8bcb8adf
[ERROR - 2017-03-07T18:43:39.479Z] WebElementLocator - _handleLocateCommand - Element(s) NOT Found: GAVE UP. Search Stop Time: 1488912219427
[INFO  - 2017-03-07T18:43:39.966Z] ShutdownReqHand - _handle - About to shutdown
[INFO  - 2017-03-07T19:06:41.226Z] GhostDriver - Main - running on port 46257
[INFO  - 2017-03-07T19:06:41.745Z] Session [32d52b90-0369-11e7-8bb2-11afe362cf01] - page.settings - {"XSSAuditingEnabled":false,"javascriptCanCloseWindows":true,"javascriptCanOpenWindows":true,"javascriptEnabled":true,"loadImages":true,"localToRemoteUrlAccessEnabled":false,"userAgent":"Mozilla/5.0 (Windows NT 6.2; WOW64) AppleWebKit/538.1 (KHTML, like Gecko) PhantomJS/2.1.1 Safari/538.1","webSecurityEnabled":false}
[INFO  - 2017-03-07T19:06:41.745Z] Session [32d52b90-0369-11e7-8bb2-11afe362cf01] - page.customHeaders:  - {}
[INFO  - 2017-03-07T19:06:41.746Z] Session [32d52b90-0369-11e7-8bb2-11afe362cf01] - Session.negotiatedCapabilities - {"browserName":"phantomjs","version":"2.1.1","driverName":"ghostdriver","driverVersion":"1.2.0","platform":"windows-10-32bit","javascriptEnabled":true,"takesScreenshot":true,"handlesAlerts":false,"databaseEnabled":false,"locationContextEnabled":false,"applicationCacheEnabled":false,"browserConnectionEnabled":false,"cssSelectorsEnabled":true,"webStorageEnabled":false,"rotatable":false,"acceptSslCerts":false,"nativeEvents":true,"proxy":{"proxyType":"direct"}}
[INFO  - 2017-03-07T19:06:41.746Z] SessionManagerReqHand - _postNewSessionCommand - New Session Created: 32d52b90-0369-11e7-8bb2-11afe362cf01
[ERROR - 2017-03-07T19:07:12.182Z] WebElementLocator - _handleLocateCommand - Element(s) NOT Found: GAVE UP. Search Stop Time: 1488913632138
[INFO  - 2017-03-07T19:07:12.587Z] ShutdownReqHand - _handle - About to shutdown
[INFO  - 2017-03-07T19:07:53.110Z] GhostDriver - Main - running on port 41380
[INFO  - 2017-03-07T19:07:53.686Z] Session [5db6cd00-0369-11e7-85c6-6f950058b016] - page.settings - {"XSSAuditingEnabled":false,"javascriptCanCloseWindows":true,"javascriptCanOpenWindows":true,"javascriptEnabled":true,"loadImages":true,"localToRemoteUrlAccessEnabled":false,"userAgent":"Mozilla/5.0 (Windows NT 6.2; WOW64) AppleWebKit/538.1 (KHTML, like Gecko) PhantomJS/2.1.1 Safari/538.1","webSecurityEnabled":false}
[INFO  - 2017-03-07T19:07:53.686Z] Session [5db6cd00-0369-11e7-85c6-6f950058b016] - page.customHeaders:  - {}
[INFO  - 2017-03-07T19:07:53.686Z] Session [5db6cd00-0369-11e7-85c6-6f950058b016] - Session.negotiatedCapabilities - {"browserName":"phantomjs","version":"2.1.1","driverName":"ghostdriver","driverVersion":"1.2.0","platform":"windows-10-32bit","javascriptEnabled":true,"takesScreenshot":true,"handlesAlerts":false,"databaseEnabled":false,"locationContextEnabled":false,"applicationCacheEnabled":false,"browserConnectionEnabled":false,"cssSelectorsEnabled":true,"webStorageEnabled":false,"rotatable":false,"acceptSslCerts":false,"nativeEvents":true,"proxy":{"proxyType":"direct"}}
[INFO  - 2017-03-07T19:07:53.686Z] SessionManagerReqHand - _postNewSessionCommand - New Session Created: 5db6cd00-0369-11e7-85c6-6f950058b016
[INFO  - 2017-03-07T19:08:03.593Z] ShutdownReqHand - _handle - About to shutdown
[INFO  - 2017-03-07T19:10:17.662Z] GhostDriver - Main - running on port 32467
[INFO  - 2017-03-07T19:10:18.183Z] Session [b3d77220-0369-11e7-ab14-ed9c6ce5373c] - page.settings - {"XSSAuditingEnabled":false,"javascriptCanCloseWindows":true,"javascriptCanOpenWindows":true,"javascriptEnabled":true,"loadImages":true,"localToRemoteUrlAccessEnabled":false,"userAgent":"Mozilla/5.0 (Windows NT 6.2; WOW64) AppleWebKit/538.1 (KHTML, like Gecko) PhantomJS/2.1.1 Safari/538.1","webSecurityEnabled":false}
[INFO  - 2017-03-07T19:10:18.183Z] Session [b3d77220-0369-11e7-ab14-ed9c6ce5373c] - page.customHeaders:  - {}
[INFO  - 2017-03-07T19:10:18.183Z] Session [b3d77220-0369-11e7-ab14-ed9c6ce5373c] - Session.negotiatedCapabilities - {"browserName":"phantomjs","version":"2.1.1","driverName":"ghostdriver","driverVersion":"1.2.0","platform":"windows-10-32bit","javascriptEnabled":true,"takesScreenshot":true,"handlesAlerts":false,"databaseEnabled":false,"locationContextEnabled":false,"applicationCacheEnabled":false,"browserConnectionEnabled":false,"cssSelectorsEnabled":true,"webStorageEnabled":false,"rotatable":false,"acceptSslCerts":false,"nativeEvents":true,"proxy":{"proxyType":"direct"}}
[INFO  - 2017-03-07T19:10:18.183Z] SessionManagerReqHand - _postNewSessionCommand - New Session Created: b3d77220-0369-11e7-ab14-ed9c6ce5373c
[INFO  - 2017-03-07T19:10:23.491Z] ShutdownReqHand - _handle - About to shutdown
[INFO  - 2017-03-07T19:12:01.183Z] GhostDriver - Main - running on port 22499
[INFO  - 2017-03-07T19:12:01.889Z] Session [f1a792b0-0369-11e7-b42a-f9133cc98352] - page.settings - {"XSSAuditingEnabled":false,"javascriptCanCloseWindows":true,"javascriptCanOpenWindows":true,"javascriptEnabled":true,"loadImages":true,"localToRemoteUrlAccessEnabled":false,"userAgent":"Mozilla/5.0 (Windows NT 6.2; WOW64) AppleWebKit/538.1 (KHTML, like Gecko) PhantomJS/2.1.1 Safari/538.1","webSecurityEnabled":false}
[INFO  - 2017-03-07T19:12:01.889Z] Session [f1a792b0-0369-11e7-b42a-f9133cc98352] - page.customHeaders:  - {}
[INFO  - 2017-03-07T19:12:01.889Z] Session [f1a792b0-0369-11e7-b42a-f9133cc98352] - Session.negotiatedCapabilities - {"browserName":"phantomjs","version":"2.1.1","driverName":"ghostdriver","driverVersion":"1.2.0","platform":"windows-10-32bit","javascriptEnabled":true,"takesScreenshot":true,"handlesAlerts":false,"databaseEnabled":false,"locationContextEnabled":false,"applicationCacheEnabled":false,"browserConnectionEnabled":false,"cssSelectorsEnabled":true,"webStorageEnabled":false,"rotatable":false,"acceptSslCerts":false,"nativeEvents":true,"proxy":{"proxyType":"direct"}}
[INFO  - 2017-03-07T19:12:01.890Z] SessionManagerReqHand - _postNewSessionCommand - New Session Created: f1a792b0-0369-11e7-b42a-f9133cc98352
[INFO  - 2017-03-07T19:12:49.674Z] ShutdownReqHand - _handle - About to shutdown
[INFO  - 2017-03-07T19:32:49.560Z] GhostDriver - Main - running on port 33649
[INFO  - 2017-03-07T19:32:49.764Z] Session [d9722fe0-036c-11e7-afc4-85ba7e3cb47c] - page.settings - {"XSSAuditingEnabled":false,"javascriptCanCloseWindows":true,"javascriptCanOpenWindows":true,"javascriptEnabled":true,"loadImages":true,"localToRemoteUrlAccessEnabled":false,"userAgent":"Mozilla/5.0 (Windows NT 6.2; WOW64) AppleWebKit/538.1 (KHTML, like Gecko) PhantomJS/2.1.1 Safari/538.1","webSecurityEnabled":false}
[INFO  - 2017-03-07T19:32:49.764Z] Session [d9722fe0-036c-11e7-afc4-85ba7e3cb47c] - page.customHeaders:  - {}
[INFO  - 2017-03-07T19:32:49.764Z] Session [d9722fe0-036c-11e7-afc4-85ba7e3cb47c] - Session.negotiatedCapabilities - {"browserName":"phantomjs","version":"2.1.1","driverName":"ghostdriver","driverVersion":"1.2.0","platform":"windows-10-32bit","javascriptEnabled":true,"takesScreenshot":true,"handlesAlerts":false,"databaseEnabled":false,"locationContextEnabled":false,"applicationCacheEnabled":false,"browserConnectionEnabled":false,"cssSelectorsEnabled":true,"webStorageEnabled":false,"rotatable":false,"acceptSslCerts":false,"nativeEvents":true,"proxy":{"proxyType":"direct"}}
[INFO  - 2017-03-07T19:32:49.764Z] SessionManagerReqHand - _postNewSessionCommand - New Session Created: d9722fe0-036c-11e7-afc4-85ba7e3cb47c
[INFO  - 2017-03-07T19:33:02.147Z] ShutdownReqHand - _handle - About to shutdown
